Arguments: 
  D:\istall\node\node.exe D:\istall\bin\yarn.js add unplugin-auto-import

PATH: 
  C:\Python38\Scripts\;C:\Python38\;C:\Users\wuxue\AppData\Local\Programs\Python\Python38\Scripts\;C:\Users\wuxue\AppData\Local\Programs\Python\Python38\;C:\Python39\Scripts\;C:\Python39\;C:\Perl64\site\bin;C:\Perl64\bin;D:\istall\xshell\;C:\WINDOWS\system32;C:\WINDOWS;C:\WINDOWS\System32\Wbem;C:\WINDOWS\System32\WindowsPowerShell\v1.0\;C:\WINDOWS\System32\OpenSSH\;D:\istall\git\Git\cmd;C:\Program Files\TortoiseGit\bin;D:\istall\bin\;C:\ProgramData\chocolatey\bin;C:\Program Files\Go\bin;D:\istall\node\;D:\istall\weixin\微信web开发者工具\dll;C:\Users\wuxue\AppData\Local\Microsoft\WindowsApps;D:\istall\vscode\Microsoft VS Code\bin;C:\Users\wuxue\AppData\Local\Yarn\bin;D:\istall\Fiddler;C:\Users\wuxue\AppData\Local\Microsoft\WindowsApps;C:\Users\wuxue\go\bin;C:\Users\wuxue\AppData\Roaming\npm

Yarn version: 
  1.19.1

Node version: 
  16.13.0

Platform: 
  win32 x64

Trace: 
  Error: ENOENT: no such file or directory, copyfile 'C:\Users\wuxue\AppData\Local\Yarn\Cache\v6\npm-ignore-5.2.0-6d3bac8fa7fe0d45d9f9be7bac2fc279577e345a-integrity\node_modules\ignore\index.d.ts' -> 'D:\wuxue\assisted-refactor\node_modules\eslint\node_modules\ignore\index.d.ts'

npm manifest: 
  {
    "name": "assisted-refactor",
    "version": "0.0.0",
    "scripts": {
      "dev": "vite",
      "build": "vite build",
      "preview": "vite preview"
    },
    "dependencies": {
      "@ant-design/icons-vue": "^6.0.1",
      "ant-design-vue": "3.0.0-beta.8",
      "ejs": "^3.1.6",
      "monaco-proto-lint": "^0.0.1",
      "protobufjs": "^6.11.2",
      "vue": "^3.2.29",
      "vue-monaco-cdn": "^2.0.2",
      "vue-router": "^4.0.12"
    },
    "devDependencies": {
      "@vitejs/plugin-vue": "^2.1.0",
      "@vue/compiler-sfc": "^3.2.29",
      "eslint": "^8.7.0",
      "eslint-config-prettier": "^8.3.0",
      "eslint-plugin-prettier": "^4.0.0",
      "eslint-plugin-vue": "^8.3.0",
      "prettier": "^2.5.1",
      "sass": "^1.49.0",
      "unplugin-auto-import": "^0.5.11",
      "unplugin-vue-components": "^0.17.14",
      "vite": "^2.7.13",
      "vite-plugin-eslint": "^1.3.0",
      "vite-plugin-style-import": "^1.4.1"
    }
  }

yarn manifest: 
  No manifest

Lockfile: 
  No lockfile
